Using pre-set license
Built from '2020.3/staging' branch; Version is '2020.3.0f1 (c7b5465681fb) revision 13088070'; Using compiler version '192528614'; Build Type 'Release'
OS: 'Windows 10 Home; OS build 19044.1766; Version 2009; 64bit' Language: 'es' Physical Memory: 32712 MB
BatchMode: 1, IsHumanControllingUs: 0, StartBugReporterOnCrash: 0, Is64bit: 1, IsPro: 0

 COMMAND LINE ARGUMENTS:
C:\Program Files\Unity\Hub\Editor\2020.3.0f1\Editor\Unity.exe
-adb2
-batchMode
-noUpm
-name
AssetImportWorker0
-projectPath
C:/Users/diazp/OneDrive/Desktop/Create with Code/Prototype1
-logFile
Logs/AssetImportWorker0.log
-srvPort
64291
Successfully changed project path to: C:/Users/diazp/OneDrive/Desktop/Create with Code/Prototype1
C:/Users/diazp/OneDrive/Desktop/Create with Code/Prototype1
Using Asset Import Pipeline V2.
Refreshing native plugins compatible for Editor in 21.26 ms, found 0 plugins.
Preloading 0 native plugins for Editor in 0.00 ms.
Initialize engine version: 2020.3.0f1 (c7b5465681fb)
[Subsystems] Discovering subsystems at path C:/Program Files/Unity/Hub/Editor/2020.3.0f1/Editor/Data/Resources/UnitySubsystems
[Subsystems] Discovering subsystems at path C:/Users/diazp/OneDrive/Desktop/Create with Code/Prototype1/Assets
GfxDevice: creating device client; threaded=0
Direct3D:
    Version:  Direct3D 11.0 [level 11.1]
    Renderer: NVIDIA GeForce GTX 1060 3GB (ID=0x1c02)
    Vendor:   
    VRAM:     2988 MB
    Driver:   30.0.14.9649
Initialize mono
Mono path[0] = 'C:/Program Files/Unity/Hub/Editor/2020.3.0f1/Editor/Data/Managed'
Mono path[1] = 'C:/Program Files/Unity/Hub/Editor/2020.3.0f1/Editor/Data/MonoBleedingEdge/lib/mono/unityjit'
Mono config path = 'C:/Program Files/Unity/Hub/Editor/2020.3.0f1/Editor/Data/MonoBleedingEdge/etc'
Using monoOptions --debugger-agent=transport=dt_socket,embedding=1,server=y,suspend=n,address=127.0.0.1:56568
Begin MonoManager ReloadAssembly
Registering precompiled unity dll's ...
Register platform support module: C:/Program Files/Unity/Hub/Editor/2020.3.0f1/Editor/Data/PlaybackEngines/WebGLSupport/UnityEditor.WebGL.Extensions.dll
Register platform support module: C:/Program Files/Unity/Hub/Editor/2020.3.0f1/Editor/Data/PlaybackEngines/WindowsStandaloneSupport/UnityEditor.WindowsStandalone.Extensions.dll
Registered in 0.003337 seconds.
Native extension for WindowsStandalone target not found
Native extension for WebGL target not found
Refreshing native plugins compatible for Editor in 21.95 ms, found 0 plugins.
Preloading 0 native plugins for Editor in 0.00 ms.
Invoked RoslynAnalysisRunner static constructor.
RoslynAnalysisRunner will not be running.
RoslynAnalysisRunner has terminated.
Mono: successfully reloaded assembly
- Completed reload, in  2.189 seconds
Platform modules already initialized, skipping
Registering precompiled user dll's ...
Registered in 0.000969 seconds.
Begin MonoManager ReloadAssembly
Native extension for WindowsStandalone target not found
Native extension for WebGL target not found
Refreshing native plugins compatible for Editor in 0.25 ms, found 0 plugins.
Preloading 0 native plugins for Editor in 0.00 ms.
Invoked RoslynAnalysisRunner static constructor.
RoslynAnalysisRunner will not be running.
RoslynAnalysisRunner has terminated.
Mono: successfully reloaded assembly
- Completed reload, in  0.748 seconds
Platform modules already initialized, skipping
========================================================================
Worker process is ready to serve import requests
Launched and connected shader compiler UnityShaderCompiler.exe after 0.17 seconds
Refreshing native plugins compatible for Editor in 0.34 ms, found 0 plugins.
Preloading 0 native plugins for Editor in 0.00 ms.
Unloading 1123 Unused Serialized files (Serialized files now loaded: 0)
System memory in use before: 57.6 MB.
System memory in use after: 57.6 MB.

Unloading 10 unused Assets to reduce memory usage. Loaded Objects now: 1567.
Total: 2.615100 ms (FindLiveObjects: 0.244100 ms CreateObjectMapping: 0.038100 ms MarkObjects: 2.227500 ms  DeleteObjects: 0.103700 ms)

========================================================================
Received Import Request.
  path: Assets/Challenge 1/Challenge 1.unity
  artifactKey: Guid(b6cc3e14dbc3342c8ab192babf679766) Importer(815301076,1909f56bfc062723c751e8b465ee728b)
Start importing Assets/Challenge 1/Challenge 1.unity using Guid(b6cc3e14dbc3342c8ab192babf679766) Importer(815301076,1909f56bfc062723c751e8b465ee728b)  -> (artifact id: '01fe8280fff4d174a928291622ec1494') in 0.010969 seconds
  Import took 0.015610 seconds .

========================================================================
Received Import Request.
  Time since last request: 1.007506 seconds.
  path: Assets/Challenge 1/Challenge 1.unity
  artifactKey: Guid(b6cc3e14dbc3342c8ab192babf679766) Importer(815301076,1909f56bfc062723c751e8b465ee728b)
Start importing Assets/Challenge 1/Challenge 1.unity using Guid(b6cc3e14dbc3342c8ab192babf679766) Importer(815301076,1909f56bfc062723c751e8b465ee728b)  -> (artifact id: '01fe8280fff4d174a928291622ec1494') in 0.003101 seconds
  Import took 0.007000 seconds .

========================================================================
Received Prepare
Registering precompiled user dll's ...
Registered in 0.001061 seconds.
Begin MonoManager ReloadAssembly
Native extension for WindowsStandalone target not found
Native extension for WebGL target not found
Refreshing native plugins compatible for Editor in 0.27 ms, found 0 plugins.
Preloading 0 native plugins for Editor in 0.00 ms.
Invoked RoslynAnalysisRunner static constructor.
RoslynAnalysisRunner will not be running.
RoslynAnalysisRunner has terminated.
Mono: successfully reloaded assembly
- Completed reload, in  0.663 seconds
Platform modules already initialized, skipping
Refreshing native plugins compatible for Editor in 0.24 ms, found 0 plugins.
Preloading 0 native plugins for Editor in 0.00 ms.
Unloading 1118 Unused Serialized files (Serialized files now loaded: 0)
System memory in use before: 57.5 MB.
System memory in use after: 57.6 MB.

Unloading 5 unused Assets to reduce memory usage. Loaded Objects now: 1570.
Total: 1.836300 ms (FindLiveObjects: 0.200600 ms CreateObjectMapping: 0.027500 ms MarkObjects: 1.554400 ms  DeleteObjects: 0.052100 ms)

AssetImportWorkerClient::OnTransportError - code=2 error=End of file
